0 info it worked if it ends with ok
1 verbose cli [ '/usr/bin/node', '/bin/npm', 'run', 'build' ]
2 info using npm@3.10.10
3 info using node@v6.17.1
4 verbose stack Error: ENOENT: no such file or directory, open '/opt/splunk/etc/apps/arc_globe/appserver/static/visualizations/package.json'
4 verbose stack     at Error (native)
5 verbose cwd /opt/splunk/etc/apps/arc_globe/appserver/static/visualizations
6 error Linux 3.10.0-957.21.3.el7.x86_64
7 error argv "/usr/bin/node" "/bin/npm" "run" "build"
8 error node v6.17.1
9 error npm  v3.10.10
10 error path /opt/splunk/etc/apps/arc_globe/appserver/static/visualizations/package.json
11 error code ENOENT
12 error errno -2
13 error syscall open
14 error enoent ENOENT: no such file or directory, open '/opt/splunk/etc/apps/arc_globe/appserver/static/visualizations/package.json'
15 error enoent ENOENT: no such file or directory, open '/opt/splunk/etc/apps/arc_globe/appserver/static/visualizations/package.json'
15 error enoent This is most likely not a problem with npm itself
15 error enoent and is related to npm not being able to find a file.
16 verbose exit [ -2, true ]
